<?xml version="1.0" encoding="UTF-8"?>
<!-- Generated by org.testng.reporters.JUnitXMLReporter -->
<testsuite ignored="8" hostname="MacBook-Air.local" failures="0" tests="1" name="Default test" time="21.813" errors="0" timestamp="2025-08-24T11:30:47 CEST">
  <testcase classname="Demo.OrangeHRM" name="fileUpload" time="13.529"/>
  <testcase classname="Demo.OrangeHRM" name="doLoginWithInvalidCredential" time="0.0">
    <ignored/>
  </testcase> <!-- doLoginWithInvalidCredential -->
  <testcase classname="Demo.OrangeHRM" name="loginTestWithValidCredential" time="0.0">
    <ignored/>
  </testcase> <!-- loginTestWithValidCredential -->
  <testcase classname="Demo.OrangeHRM" name="applyLeave" time="0.0">
    <ignored/>
  </testcase> <!-- applyLeave -->
  <testcase classname="Demo.OrangeHRM" name="deleteEmployee" time="0.0">
    <ignored/>
  </testcase> <!-- deleteEmployee -->
  <testcase classname="Demo.OrangeHRM" name="searchEmployeeNyName" time="0.0">
    <ignored/>
  </testcase> <!-- searchEmployeeNyName -->
  <testcase classname="Demo.OrangeHRM" name="ListEmployees" time="0.0">
    <ignored/>
  </testcase> <!-- ListEmployees -->
  <testcase classname="Demo.OrangeHRM" name="addEmployee" time="0.0">
    <ignored/>
  </testcase> <!-- addEmployee -->
  <testcase classname="Demo.OrangeHRM" name="searchEmployeeById" time="0.0">
    <ignored/>
  </testcase> <!-- searchEmployeeById -->
</testsuite> <!-- Default test -->
