<?xml version="1.0" encoding="UTF-8"?>
<testng-results ignored="0" total="1" passed="1" failed="0" skipped="0">
  <reporter-output>
  </reporter-output>
  <suite started-at="2025-08-24T11:30:25 CEST" name="Default suite" finished-at="2025-08-24T11:30:47 CEST" duration-ms="21813">
    <groups>
    </groups>
    <test started-at="2025-08-24T11:30:25 CEST" name="Default test" finished-at="2025-08-24T11:30:47 CEST" duration-ms="21813">
      <class name="Demo.OrangeHRM">
        <test-method is-config="true" signature="setup()[pri:0, instance:Demo.OrangeHRM@74f0ea28]" started-at="2025-08-24T11:30:25 CEST" name="setup" finished-at="2025-08-24T11:30:28 CEST" duration-ms="3109" status="PASS">
          <reporter-output>
          </reporter-output>
        </test-method> <!-- setup -->
        <test-method signature="fileUpload()[pri:6, instance:Demo.OrangeHRM@74f0ea28]" started-at="2025-08-24T11:30:28 CEST" name="fileUpload" finished-at="2025-08-24T11:30:41 CEST" duration-ms="13529" status="PASS">
          <reporter-output>
          </reporter-output>
        </test-method> <!-- fileUpload -->
        <test-method is-config="true" signature="tearDown()[pri:0, instance:Demo.OrangeHRM@74f0ea28]" started-at="2025-08-24T11:30:41 CEST" name="tearDown" finished-at="2025-08-24T11:30:47 CEST" duration-ms="5164" status="PASS">
          <reporter-output>
          </reporter-output>
        </test-method> <!-- tearDown -->
      </class> <!-- Demo.OrangeHRM -->
    </test> <!-- Default test -->
  </suite> <!-- Default suite -->
</testng-results>
